<?xml version="1.0" encoding="UTF-8"?>
<!-- Generated by org.testng.reporters.JUnitReportReporter -->
<testsuite skipped="0" hostname="Rajendra" name="orangehrmlive.RajendraDemo" tests="2" failures="0" timestamp="24 Apr 2020 14:06:02 GMT" time="12.323" errors="0">
  <testcase name="adminTest" time="6.283" classname="orangehrmlive.RajendraDemo"/>
  <testcase name="leaveTest" time="6.040" classname="orangehrmlive.RajendraDemo"/>
</testsuite> <!-- orangehrmlive.RajendraDemo -->
