<?xml version="1.0" encoding="UTF-8"?>
<!-- Generated by org.testng.reporters.JUnitReportReporter -->
<testsuite skipped="0" hostname="Rajendra" name="orangehrmlive.AnnotationsDemo" tests="4" failures="0" timestamp="10 Apr 2020 07:17:21 GMT" time="0.019" errors="0">
  <testcase name="test3" time="0.002" classname="orangehrmlive.AnnotationsDemo"/>
  <testcase name="test4" time="0.003" classname="orangehrmlive.AnnotationsDemo"/>
  <testcase name="test1" time="0.011" classname="orangehrmlive.AnnotationsDemo"/>
  <testcase name="test2" time="0.003" classname="orangehrmlive.AnnotationsDemo"/>
</testsuite> <!-- orangehrmlive.AnnotationsDemo -->
