<?xml version="1.0" encoding="UTF-8"?>
<!-- Generated by org.testng.reporters.JUnitReportReporter -->
<testsuite skipped="0" hostname="Rajendra" name="orangehrmlive.WriteExcel" tests="1" failures="0" timestamp="09 Apr 2020 04:29:52 GMT" time="0.849" errors="0">
  <testcase name="ExcelWrite" time="0.849" classname="orangehrmlive.WriteExcel"/>
</testsuite> <!-- orangehrmlive.WriteExcel -->
