<?xml version="1.0" encoding="UTF-8"?>
<!-- Generated by org.testng.reporters.JUnitReportReporter -->
<testsuite skipped="0" hostname="Rajendra" name="orangehrmlive.DataProviWithExcel" tests="3" failures="0" timestamp="09 Apr 2020 09:57:13 GMT" time="0.016" errors="0">
  <testcase name="f" time="0.003" classname="orangehrmlive.DataProviWithExcel"/>
  <testcase name="f" time="0.004" classname="orangehrmlive.DataProviWithExcel"/>
  <testcase name="f" time="0.009" classname="orangehrmlive.DataProviWithExcel"/>
</testsuite> <!-- orangehrmlive.DataProviWithExcel -->
