<?xml version="1.0" encoding="UTF-8"?>
<!-- Generated by org.testng.reporters.JUnitReportReporter -->
<testsuite skipped="0" hostname="Rajendra" name="orangehrmlive.AnnotationsDemo1" tests="1" failures="0" timestamp="10 Apr 2020 07:56:00 GMT" time="0.007" errors="0">
  <testcase name="test1" time="0.007" classname="orangehrmlive.AnnotationsDemo1"/>
</testsuite> <!-- orangehrmlive.AnnotationsDemo1 -->
