<?xml version="1.0" encoding="UTF-8"?>
<!-- Generated by org.testng.reporters.JUnitReportReporter -->
<testsuite skipped="0" hostname="Rajendra" name="orangehrmlive.TestNGDemo" tests="2" failures="0" timestamp="08 Apr 2020 11:20:08 GMT" time="5.968" errors="0">
  <testcase name="LoginTest" time="4.332" classname="orangehrmlive.TestNGDemo"/>
  <testcase name="logout" time="1.636" classname="orangehrmlive.TestNGDemo"/>
</testsuite> <!-- orangehrmlive.TestNGDemo -->
