<?xml version="1.0" encoding="UTF-8"?>
<!-- Generated by org.testng.reporters.JUnitReportReporter -->
<testsuite skipped="0" hostname="Rajendra" name="orangehrmlive.ZeroTestNG" tests="4" failures="0" timestamp="05 Apr 2020 14:57:54 GMT" time="13.522" errors="0">
  <testcase name="Login_Valid" time="6.230" classname="orangehrmlive.ZeroTestNG"/>
  <testcase name="AccountSummry" time="0.262" classname="orangehrmlive.ZeroTestNG"/>
  <testcase name="AccountActivity" time="3.962" classname="orangehrmlive.ZeroTestNG"/>
  <testcase name="FundTransfer" time="3.068" classname="orangehrmlive.ZeroTestNG"/>
</testsuite> <!-- orangehrmlive.ZeroTestNG -->
