<?xml version="1.0" encoding="UTF-8"?>
<!-- Generated by org.testng.reporters.JUnitReportReporter -->
<testsuite skipped="0" hostname="Rajendra" name="TestProject.MvnTestNGLoginTest" tests="1" failures="0" timestamp="2020-04-25T14:53:04 IST" time="21.474" errors="0">
  <testcase name="LoginTest" time="21.474" classname="TestProject.MvnTestNGLoginTest"/>
  <system-out/>
</testsuite> <!-- TestProject.MvnTestNGLoginTest -->
