<?xml version="1.0" encoding="UTF-8"?>
<!-- Generated by org.testng.reporters.JUnitReportReporter -->
<testsuite skipped="0" hostname="Rajendra" name="TestProject.ExcelMvn" tests="1" failures="0" timestamp="15 Apr 2020 07:06:59 GMT" time="38.224" errors="0">
  <testcase name="LoginTest" time="38.224" classname="TestProject.ExcelMvn"/>
</testsuite> <!-- TestProject.ExcelMvn -->
